Log file opened on Wed Dec  6 15:00:31 2017
Host: ubuntu  pid: 9666  rank ID: 0  number of ranks:  1
                      :-) GROMACS - gmx mdrun, 2016.4 (-:

                            GROMACS is written by:
     Emile Apol      Rossen Apostolov  Herman J.C. Berendsen    Par Bjelkmar   
 Aldert van Buuren   Rudi van Drunen     Anton Feenstra    Gerrit Groenhof  
 Christoph Junghans   Anca Hamuraru    Vincent Hindriksen Dimitrios Karkoulis
    Peter Kasson        Jiri Kraus      Carsten Kutzner      Per Larsson    
  Justin A. Lemkul   Magnus Lundborg   Pieter Meulenhoff    Erik Marklund   
   Teemu Murtola       Szilard Pall       Sander Pronk      Roland Schulz   
  Alexey Shvetsov     Michael Shirts     Alfons Sijbers     Peter Tieleman  
  Teemu Virolainen  Christian Wennberg    Maarten Wolf   
                           and the project leaders:
        Mark Abraham, Berk Hess, Erik Lindahl, and David van der Spoel

Copyright (c) 1991-2000, University of Groningen, The Netherlands.
Copyright (c) 2001-2017, The GROMACS development team at
Uppsala University, Stockholm University and
the Royal Institute of Technology, Sweden.
check out http://www.gromacs.org for more information.

GROMACS is free software; you can redistribute it and/or modify it
under the terms of the GNU Lesser General Public License
as published by the Free Software Foundation; either version 2.1
of the License, or (at your option) any later version.

GROMACS:      gmx mdrun, version 2016.4
Executable:   /usr/local/gromacs/bin/gmx
Data prefix:  /usr/local/gromacs
Working dir:  /home/ubuntu/Desktop/Concepcion_Dec_6_2017
Command line:
  gmx mdrun -s topol.tpr -v

GROMACS version:    2016.4
Precision:          single
Memory model:       64 bit
MPI library:        thread_mpi
OpenMP support:     enabled (GMX_OPENMP_MAX_THREADS = 32)
GPU support:        disabled
SIMD instructions:  AVX_256
FFT library:        fftw-3.3.5-fma-sse2-avx-avx2-avx2_128
RDTSCP usage:       enabled
TNG support:        enabled
Hwloc support:      disabled
Tracing support:    disabled
Built on:           Fri Dec  1 03:22:21 UTC 2017
Built by:           ubuntu@ubuntu [CMAKE]
Build OS/arch:      Linux 4.10.0-28-generic x86_64
Build CPU vendor:   Intel
Build CPU brand:    Intel(R) Core(TM) i3-3120M CPU @ 2.50GHz
Build CPU family:   6   Model: 58   Stepping: 9
Build CPU features: apic avx clfsh cmov cx8 cx16 f16c htt lahf mmx msr nonstop_tsc pcid pclmuldq pdcm popcnt pse rdtscp sse2 sse3 sse4.1 sse4.2 ssse3 tdt x2apic
C compiler:         /home/ubuntu/anaconda3/bin/cc GNU 4.8.5
C compiler flags:    -mavx     -O3 -DNDEBUG -funroll-all-loops -fexcess-precision=fast  
C++ compiler:       /home/ubuntu/anaconda3/bin/c++ GNU 4.8.5
C++ compiler flags:  -mavx    -std=c++0x   -O3 -DNDEBUG -funroll-all-loops -fexcess-precision=fast  


Running on 1 node with total 4 cores, 8 logical cores
Hardware detected:
  CPU info:
    Vendor: Intel
    Brand:  Intel(R) Core(TM) i7-3770 CPU @ 3.40GHz
    Family: 6   Model: 58   Stepping: 9
    Features: aes apic avx clfsh cmov cx8 cx16 f16c htt lahf mmx msr nonstop_tsc pcid pclmuldq pdcm popcnt pse rdrnd rdtscp sse2 sse3 sse4.1 sse4.2 ssse3 tdt x2apic
    SIMD instructions most likely to fit this hardware: AVX_256
    SIMD instructions selected at GROMACS compile time: AVX_256

  Hardware topology: Basic
    Sockets, cores, and logical processors:
      Socket  0: [   0   4] [   1   5] [   2   6] [   3   7]


++++ PLEASE READ AND CITE THE FOLLOWING REFERENCE ++++
M. J. Abraham, T. Murtola, R. Schulz, S. Páll, J. C. Smith, B. Hess, E.
Lindahl
GROMACS: High performance molecular simulations through multi-level
parallelism from laptops to supercomputers
SoftwareX 1 (2015) pp. 19-25
-------- -------- --- Thank You --- -------- --------


++++ PLEASE READ AND CITE THE FOLLOWING REFERENCE ++++
S. Páll, M. J. Abraham, C. Kutzner, B. Hess, E. Lindahl
Tackling Exascale Software Challenges in Molecular Dynamics Simulations with
GROMACS
In S. Markidis & E. Laure (Eds.), Solving Software Challenges for Exascale 8759 (2015) pp. 3-27
-------- -------- --- Thank You --- -------- --------


++++ PLEASE READ AND CITE THE FOLLOWING REFERENCE ++++
S. Pronk, S. Páll, R. Schulz, P. Larsson, P. Bjelkmar, R. Apostolov, M. R.
Shirts, J. C. Smith, P. M. Kasson, D. van der Spoel, B. Hess, and E. Lindahl
GROMACS 4.5: a high-throughput and highly parallel open source molecular
simulation toolkit
Bioinformatics 29 (2013) pp. 845-54
-------- -------- --- Thank You --- -------- --------


++++ PLEASE READ AND CITE THE FOLLOWING REFERENCE ++++
B. Hess and C. Kutzner and D. van der Spoel and E. Lindahl
GROMACS 4: Algorithms for highly efficient, load-balanced, and scalable
molecular simulation
J. Chem. Theory Comput. 4 (2008) pp. 435-447
-------- -------- --- Thank You --- -------- --------


++++ PLEASE READ AND CITE THE FOLLOWING REFERENCE ++++
D. van der Spoel, E. Lindahl, B. Hess, G. Groenhof, A. E. Mark and H. J. C.
Berendsen
GROMACS: Fast, Flexible and Free
J. Comp. Chem. 26 (2005) pp. 1701-1719
-------- -------- --- Thank You --- -------- --------


++++ PLEASE READ AND CITE THE FOLLOWING REFERENCE ++++
E. Lindahl and B. Hess and D. van der Spoel
GROMACS 3.0: A package for molecular simulation and trajectory analysis
J. Mol. Mod. 7 (2001) pp. 306-317
-------- -------- --- Thank You --- -------- --------


++++ PLEASE READ AND CITE THE FOLLOWING REFERENCE ++++
H. J. C. Berendsen, D. van der Spoel and R. van Drunen
GROMACS: A message-passing parallel molecular dynamics implementation
Comp. Phys. Comm. 91 (1995) pp. 43-56
-------- -------- --- Thank You --- -------- --------

Changing nstlist from 10 to 25, rlist from 1 to 1.012

Input Parameters:
   integrator                     = md
   tinit                          = 0
   dt                             = 0.002
   nsteps                         = 200000000
   init-step                      = 0
   simulation-part                = 1
   comm-mode                      = Linear
   nstcomm                        = 1
   bd-fric                        = 0
   ld-seed                        = 1993
   emtol                          = 1e-06
   emstep                         = 0.01
   niter                          = 100
   fcstep                         = 0
   nstcgsteep                     = 1000
   nbfgscorr                      = 10
   rtpi                           = 0.05
   nstxout                        = 10000000
   nstvout                        = 10000000
   nstfout                        = 10000000
   nstlog                         = 1000
   nstcalcenergy                  = 1
   nstenergy                      = 1000
   nstxout-compressed             = 5000
   compressed-x-precision         = 500
   cutoff-scheme                  = Verlet
   nstlist                        = 25
   ns-type                        = Grid
   pbc                            = xyz
   periodic-molecules             = false
   verlet-buffer-tolerance        = 0.005
   rlist                          = 1.012
   coulombtype                    = PME
   coulomb-modifier               = Potential-shift
   rcoulomb-switch                = 0
   rcoulomb                       = 1
   epsilon-r                      = 1
   epsilon-rf                     = 1
   vdw-type                       = Cut-off
   vdw-modifier                   = Potential-shift
   rvdw-switch                    = 0
   rvdw                           = 1
   DispCorr                       = No
   table-extension                = 1
   fourierspacing                 = 0.12
   fourier-nx                     = 56
   fourier-ny                     = 56
   fourier-nz                     = 56
   pme-order                      = 4
   ewald-rtol                     = 1e-05
   ewald-rtol-lj                  = 0.001
   lj-pme-comb-rule               = Geometric
   ewald-geometry                 = 0
   epsilon-surface                = 0
   implicit-solvent               = No
   gb-algorithm                   = Still
   nstgbradii                     = 1
   rgbradii                       = 2
   gb-epsilon-solvent             = 80
   gb-saltconc                    = 0
   gb-obc-alpha                   = 1
   gb-obc-beta                    = 0.8
   gb-obc-gamma                   = 4.85
   gb-dielectric-offset           = 0.009
   sa-algorithm                   = Ace-approximation
   sa-surface-tension             = 2.092
   tcoupl                         = V-rescale
   nsttcouple                     = 10
   nh-chain-length                = 0
   print-nose-hoover-chain-variables = false
   pcoupl                         = Parrinello-Rahman
   pcoupltype                     = Semiisotropic
   nstpcouple                     = 10
   tau-p                          = 5
   compressibility (3x3):
      compressibility[    0]={ 4.50000e-05,  0.00000e+00,  0.00000e+00}
      compressibility[    1]={ 0.00000e+00,  4.50000e-05,  0.00000e+00}
      compressibility[    2]={ 0.00000e+00,  0.00000e+00,  4.50000e-05}
   ref-p (3x3):
      ref-p[    0]={ 1.00000e+00,  0.00000e+00,  0.00000e+00}
      ref-p[    1]={ 0.00000e+00,  1.00000e+00,  0.00000e+00}
      ref-p[    2]={ 0.00000e+00,  0.00000e+00,  1.00000e+00}
   refcoord-scaling               = COM
   posres-com (3):
      posres-com[0]= 0.00000e+00
      posres-com[1]= 0.00000e+00
      posres-com[2]= 0.00000e+00
   posres-comB (3):
      posres-comB[0]= 0.00000e+00
      posres-comB[1]= 0.00000e+00
      posres-comB[2]= 0.00000e+00
   QMMM                           = false
   QMconstraints                  = 0
   QMMMscheme                     = 0
   MMChargeScaleFactor            = 1
qm-opts:
   ngQM                           = 0
   constraint-algorithm           = Lincs
   continuation                   = false
   Shake-SOR                      = false
   shake-tol                      = 0.0001
   lincs-order                    = 6
   lincs-iter                     = 1
   lincs-warnangle                = 30
   nwall                          = 0
   wall-type                      = 9-3
   wall-r-linpot                  = -1
   wall-atomtype[0]               = -1
   wall-atomtype[1]               = -1
   wall-density[0]                = 0
   wall-density[1]                = 0
   wall-ewald-zfac                = 3
   pull                           = false
   rotation                       = false
   interactiveMD                  = false
   disre                          = No
   disre-weighting                = Equal
   disre-mixed                    = false
   dr-fc                          = 1000
   dr-tau                         = 1.25
   nstdisreout                    = 100
   orire-fc                       = 0
   orire-tau                      = 0
   nstorireout                    = 100
   free-energy                    = no
   cos-acceleration               = 0
   deform (3x3):
      deform[    0]={ 0.00000e+00,  0.00000e+00,  0.00000e+00}
      deform[    1]={ 0.00000e+00,  0.00000e+00,  0.00000e+00}
      deform[    2]={ 0.00000e+00,  0.00000e+00,  0.00000e+00}
   simulated-tempering            = false
   E-x:
      n = 0
   E-xt:
      n = 0
   E-y:
      n = 0
   E-yt:
      n = 0
   E-z:
      n = 0
   E-zt:
      n = 0
   swapcoords                     = no
   userint1                       = 0
   userint2                       = 0
   userint3                       = 0
   userint4                       = 0
   userreal1                      = 0
   userreal2                      = 0
   userreal3                      = 0
   userreal4                      = 0
grpopts:
   nrdf:     19198.6     21874.4
   ref-t:         320         320
   tau-t:         0.5         0.5
annealing:          No          No
annealing-npoints:           0           0
   acc:	           0           0           0
   nfreeze:           N           N           N
   energygrp-flags[  0]: 0

Using 1 MPI thread
Using 8 OpenMP threads 

Will do PME sum in reciprocal space for electrostatic interactions.

++++ PLEASE READ AND CITE THE FOLLOWING REFERENCE ++++
U. Essmann, L. Perera, M. L. Berkowitz, T. Darden, H. Lee and L. G. Pedersen 
A smooth particle mesh Ewald method
J. Chem. Phys. 103 (1995) pp. 8577-8592
-------- -------- --- Thank You --- -------- --------

Will do ordinary reciprocal space Ewald sum.
Using a Gaussian width (1/beta) of 0.320163 nm for Ewald
Cut-off's:   NS: 1.012   Coulomb: 1   LJ: 1
System total charge: 0.000
Generated table with 1006 data points for 1-4 COUL.
Tabscale = 500 points/nm
Generated table with 1006 data points for 1-4 LJ6.
Tabscale = 500 points/nm
Generated table with 1006 data points for 1-4 LJ12.
Tabscale = 500 points/nm
Potential shift: LJ r^-12: -1.000e+00 r^-6: -1.000e+00, Ewald -1.000e-05
Initialized non-bonded Ewald correction tables, spacing: 9.33e-04 size: 1073


Using SIMD 4x4 non-bonded kernels

Using geometric Lennard-Jones combination rule

Removing pbc first time
Pinning threads with an auto-selected logical core stride of 1

++++ PLEASE READ AND CITE THE FOLLOWING REFERENCE ++++
S. Miyamoto and P. A. Kollman
SETTLE: An Analytical Version of the SHAKE and RATTLE Algorithms for Rigid
Water Models
J. Comp. Chem. 13 (1992) pp. 952-962
-------- -------- --- Thank You --- -------- --------

Intra-simulation communication will occur every 1 steps.
Center of mass motion removal mode is Linear
We have the following groups for center of mass motion removal:
  0:  rest

++++ PLEASE READ AND CITE THE FOLLOWING REFERENCE ++++
G. Bussi, D. Donadio and M. Parrinello
Canonical sampling through velocity rescaling
J. Chem. Phys. 126 (2007) pp. 014101
-------- -------- --- Thank You --- -------- --------

There are: 17329 Atoms

Constraining the starting coordinates (step 0)

Constraining the coordinates at t0-dt (step 0)
RMS relative constraint deviation after constraining: 0.00e+00
Initial temperature: 321.647 K

Started mdrun on rank 0 Wed Dec  6 15:00:32 2017
           Step           Time
              0        0.00000

   Energies (kJ/mol)
           Bond          Angle Ryckaert-Bell.  Improper Dih.          LJ-14
    1.00211e+04    1.49186e+04   -2.48853e+02    6.99405e+02    1.53100e+04
     Coulomb-14        LJ (SR)   Coulomb (SR)   Coul. recip.      Potential
    2.48497e+04   -2.80349e+03   -3.29762e+05    8.14395e+03   -2.58872e+05
    Kinetic En.   Total Energy    Temperature Pressure (bar)
    5.62032e+04   -2.02668e+05    3.29155e+02    1.24154e+02

           Step           Time
           1000        2.00000

   Energies (kJ/mol)
           Bond          Angle Ryckaert-Bell.  Improper Dih.          LJ-14
    9.58636e+03    1.48831e+04   -3.22057e+02    3.41563e+02    1.51738e+04
     Coulomb-14        LJ (SR)   Coulomb (SR)   Coul. recip.      Potential
    2.48642e+04   -2.61239e+03   -3.34198e+05    4.39869e+03   -2.67884e+05
    Kinetic En.   Total Energy    Temperature Pressure (bar)
    5.58581e+04   -2.12026e+05    3.27134e+02   -2.03291e+01

           Step           Time
           2000        4.00000

   Energies (kJ/mol)
           Bond          Angle Ryckaert-Bell.  Improper Dih.          LJ-14
    9.63065e+03    1.44855e+04   -6.12079e+02    3.69488e+02    1.54117e+04
     Coulomb-14        LJ (SR)   Coulomb (SR)   Coul. recip.      Potential
    2.46800e+04   -2.91362e+03   -3.35004e+05    4.48141e+03   -2.69471e+05
    Kinetic En.   Total Energy    Temperature Pressure (bar)
    5.50017e+04   -2.14469e+05    3.22118e+02    2.21820e+02

           Step           Time
           3000        6.00000

   Energies (kJ/mol)
           Bond          Angle Ryckaert-Bell.  Improper Dih.          LJ-14
    9.77269e+03    1.49183e+04   -7.10930e+02    3.70925e+02    1.54084e+04
     Coulomb-14        LJ (SR)   Coulomb (SR)   Coul. recip.      Potential
    2.46014e+04   -3.51861e+03   -3.34949e+05    4.31392e+03   -2.69793e+05
    Kinetic En.   Total Energy    Temperature Pressure (bar)
    5.49991e+04   -2.14794e+05    3.22103e+02   -6.07440e+01

           Step           Time
           4000        8.00000

   Energies (kJ/mol)
           Bond          Angle Ryckaert-Bell.  Improper Dih.          LJ-14
    9.38514e+03    1.46330e+04   -8.46335e+02    3.53703e+02    1.53911e+04
     Coulomb-14        LJ (SR)   Coulomb (SR)   Coul. recip.      Potential
    2.46980e+04   -3.53329e+03   -3.35349e+05    4.35515e+03   -2.70913e+05
    Kinetic En.   Total Energy    Temperature Pressure (bar)
    5.47766e+04   -2.16136e+05    3.20800e+02    1.26167e+02



Received the INT signal, stopping within 25 steps

           Step           Time
           5000       10.00000

Writing checkpoint, step 5000 at Wed Dec  6 15:01:08 2017


   Energies (kJ/mol)
           Bond          Angle Ryckaert-Bell.  Improper Dih.          LJ-14
    9.45154e+03    1.50175e+04   -6.56846e+02    3.74325e+02    1.50256e+04
     Coulomb-14        LJ (SR)   Coulomb (SR)   Coul. recip.      Potential
    2.46283e+04   -3.33568e+03   -3.36025e+05    4.37993e+03   -2.71140e+05
    Kinetic En.   Total Energy    Temperature Pressure (bar)
    5.45671e+04   -2.16573e+05    3.19573e+02    4.18336e+01

	<======  ###############  ==>
	<====  A V E R A G E S  ====>
	<==  ###############  ======>

	Statistics over 5001 steps using 5001 frames

   Energies (kJ/mol)
           Bond          Angle Ryckaert-Bell.  Improper Dih.          LJ-14
    9.62102e+03    1.48380e+04   -4.91362e+02    3.57446e+02    1.52627e+04
     Coulomb-14        LJ (SR)   Coulomb (SR)   Coul. recip.      Potential
    2.47430e+04   -3.17072e+03   -3.34739e+05    4.40991e+03   -2.69168e+05
    Kinetic En.   Total Energy    Temperature Pressure (bar)
    5.53826e+04   -2.13786e+05    3.24349e+02    4.02111e+00

          Box-X          Box-Y          Box-Z
    6.40414e+00    6.40414e+00    6.65783e+00

   Total Virial (kJ/mol)
    1.84176e+04   -5.85301e+01    2.02341e+01
   -5.85310e+01    1.83669e+04   -2.22976e+02
    1.99959e+01   -2.23190e+02    1.85056e+04

   Pressure (bar)
    3.60928e+00    1.00047e+01   -5.76089e+00
    1.00047e+01    1.13074e+01    2.90035e+01
   -5.73192e+00    2.90295e+01   -2.85337e+00

         T-DPPCT-Water_and_ions
    3.23500e+02    3.25095e+02


	M E G A - F L O P S   A C C O U N T I N G

 NB=Group-cutoff nonbonded kernels    NxN=N-by-N cluster Verlet kernels
 RF=Reaction-Field  VdW=Van der Waals  QSTab=quadratic-spline table
 W3=SPC/TIP3p  W4=TIP4p (single or pairs)
 V&F=Potential and force  V=Potential only  F=Force only

 Computing:                               M-Number         M-Flops  % Flops
-----------------------------------------------------------------------------
 Pair Search distance check             906.276228        8156.486     0.3
 NxN Ewald Elec. + LJ [V&F]           14825.940072     1586375.588    56.2
 NxN LJ [V&F]                          2540.764176      109252.860     3.9
 NxN Ewald Elec. [V&F]                 9401.567720      789731.688    28.0
 1,4 nonbonded interactions              33.926784        3053.411     0.1
 Calc Weights                           259.986987        9359.532     0.3
 Spread Q Bspline                      5546.389056       11092.778     0.4
 Gather F Bspline                      5546.389056       33278.334     1.2
 3D-FFT                               30602.049186      244816.393     8.7
 Solve PME                               15.683136        1003.721     0.0
 Shift-X                                  3.483129          20.899     0.0
 Bonds                                   31.366272        1850.610     0.1
 Angles                                  36.487296        6129.866     0.2
 Impropers                                1.920384         399.440     0.0
 RB-Dihedrals                            29.445888        7273.134     0.3
 Virial                                  86.887374        1563.973     0.1
 Stop-CM                                 86.679658         866.797     0.0
 Calc-Ekin                               86.679658        2340.351     0.1
 Constraint-V                            54.576822         436.615     0.0
 Constraint-Vir                          54.565911        1309.582     0.0
 Settle                                  18.195911        5877.279     0.2
-----------------------------------------------------------------------------
 Total                                                 2824189.335   100.0
-----------------------------------------------------------------------------


     R E A L   C Y C L E   A N D   T I M E   A C C O U N T I N G

On 1 MPI rank, each using 8 OpenMP threads

 Computing:          Num   Num      Call    Wall time         Giga-Cycles
                     Ranks Threads  Count      (s)         total sum    %
-----------------------------------------------------------------------------
 Neighbor search        1    8        201       0.936         25.400   2.6
 Force                  1    8       5001      21.934        595.302  61.2
 PME mesh               1    8       5001      10.308        279.780  28.8
 NB X/F buffer ops.     1    8       9801       0.545         14.779   1.5
 Write traj.            1    8          2       0.046          1.247   0.1
 Update                 1    8       5001       0.943         25.603   2.6
 Constraints            1    8       5001       0.185          5.010   0.5
 Rest                                           0.948         25.740   2.6
-----------------------------------------------------------------------------
 Total                                         35.845        972.861 100.0
-----------------------------------------------------------------------------
 Breakdown of PME mesh computation
-----------------------------------------------------------------------------
 PME spread/gather      1    8      10002       5.761        156.346  16.1
 PME 3D-FFT             1    8      10002       3.076         83.488   8.6
 PME solve Elec         1    8       5001       1.438         39.021   4.0
-----------------------------------------------------------------------------

               Core t (s)   Wall t (s)        (%)
       Time:      286.760       35.845      800.0
                 (ns/day)    (hour/ns)
Performance:       24.109        0.995
Finished mdrun on rank 0 Wed Dec  6 15:01:08 2017
